TN:
SF:/Users/evan/Desktop/workspace/easyNode/core/route/index.js
FNF:0
FNH:0
DA:1,1
DA:3,1
LF:2
LH:2
BRF:0
BRH:0
end_of_record
TN:
SF:/Users/evan/Desktop/workspace/easyNode/core/route/route.js
FN:17,(anonymous_0)
FN:24,(anonymous_1)
FN:36,(anonymous_2)
FN:54,(anonymous_3)
FN:68,(anonymous_4)
FN:77,(anonymous_5)
FN:86,(anonymous_6)
FN:112,(anonymous_7)
FN:114,(anonymous_8)
FN:116,(anonymous_9)
FN:123,(anonymous_10)
FNF:11
FNH:2
FNDA:0,(anonymous_0)
FNDA:0,(anonymous_1)
FNDA:1,(anonymous_2)
FNDA:0,(anonymous_3)
FNDA:0,(anonymous_4)
FNDA:0,(anonymous_5)
FNDA:0,(anonymous_6)
FNDA:1,(anonymous_7)
FNDA:0,(anonymous_8)
FNDA:0,(anonymous_9)
FNDA:0,(anonymous_10)
DA:3,1
DA:4,1
DA:17,1
DA:18,0
DA:19,0
DA:20,0
DA:21,0
DA:22,0
DA:25,0
DA:28,0
DA:37,1
DA:38,0
DA:40,1
DA:54,1
DA:55,0
DA:58,0
DA:59,0
DA:61,1
DA:69,0
DA:70,0
DA:78,0
DA:79,0
DA:87,0
DA:88,0
DA:113,1
DA:114,1
DA:116,0
DA:117,0
DA:118,0
DA:120,0
DA:124,0
DA:125,0
DA:126,0
DA:127,0
DA:128,0
DA:129,0
DA:130,0
DA:131,0
DA:132,0
DA:133,0
DA:136,0
DA:137,0
DA:142,1
LF:43
LH:10
BRDA:25,0,0,0
BRDA:25,0,1,0
BRDA:37,1,0,0
BRDA:37,1,1,1
BRDA:61,2,0,1
BRDA:61,2,1,1
BRDA:69,3,0,0
BRDA:69,3,1,0
BRDA:78,4,0,0
BRDA:78,4,1,0
BRDA:87,5,0,0
BRDA:87,5,1,0
BRDA:113,6,0,0
BRDA:113,6,1,1
BRDA:117,7,0,0
BRDA:117,7,1,0
BRDA:118,8,0,0
BRDA:118,8,1,0
BRDA:120,9,0,0
BRDA:120,9,1,0
BRDA:120,10,0,0
BRDA:120,10,1,0
BRDA:120,11,0,0
BRDA:120,11,1,0
BRDA:130,12,0,0
BRDA:130,12,1,0
BRDA:130,13,0,0
BRDA:130,13,1,0
BRDA:130,13,2,0
BRDA:131,14,0,0
BRDA:131,14,1,0
BRDA:136,15,0,0
BRDA:136,15,1,0
BRDA:136,16,0,0
BRDA:136,16,1,0
BRF:35
BRH:4
end_of_record
TN:
SF:/Users/evan/Desktop/workspace/easyNode/core/utils/index.js
FNF:0
FNH:0
DA:1,1
DA:3,1
LF:2
LH:2
BRF:0
BRH:0
end_of_record
TN:
SF:/Users/evan/Desktop/workspace/easyNode/core/utils/is.js
FN:5,(anonymous_0)
FN:6,(anonymous_1)
FNF:2
FNH:2
FNDA:8,(anonymous_0)
FNDA:1,(anonymous_1)
DA:1,1
DA:4,1
DA:5,8
DA:6,8
DA:7,1
DA:11,1
LF:6
LH:6
BRF:0
BRH:0
end_of_record
TN:
SF:/Users/evan/Desktop/workspace/easyNode/plugin/mongo/dbMongo.js
FN:32,(anonymous_0)
FN:37,(anonymous_1)
FN:49,(anonymous_2)
FN:51,(anonymous_3)
FN:54,(anonymous_4)
FN:61,(anonymous_5)
FN:85,(anonymous_6)
FN:94,(anonymous_7)
FN:96,(anonymous_8)
FN:98,(anonymous_9)
FN:118,(anonymous_10)
FN:120,(anonymous_11)
FN:124,(anonymous_12)
FN:144,(anonymous_13)
FN:146,(anonymous_14)
FN:151,(anonymous_15)
FN:167,(anonymous_16)
FN:168,(anonymous_17)
FNF:18
FNH:0
FNDA:0,(anonymous_0)
FNDA:0,(anonymous_1)
FNDA:0,(anonymous_2)
FNDA:0,(anonymous_3)
FNDA:0,(anonymous_4)
FNDA:0,(anonymous_5)
FNDA:0,(anonymous_6)
FNDA:0,(anonymous_7)
FNDA:0,(anonymous_8)
FNDA:0,(anonymous_9)
FNDA:0,(anonymous_10)
FNDA:0,(anonymous_11)
FNDA:0,(anonymous_12)
FNDA:0,(anonymous_13)
FNDA:0,(anonymous_14)
FNDA:0,(anonymous_15)
FNDA:0,(anonymous_16)
FNDA:0,(anonymous_17)
DA:10,1
DA:12,1
DA:33,0
DA:34,0
DA:36,0
DA:37,0
DA:38,0
DA:50,0
DA:51,0
DA:52,0
DA:53,0
DA:54,0
DA:55,0
DA:62,0
DA:72,0
DA:86,0
DA:95,0
DA:96,0
DA:97,0
DA:98,0
DA:99,0
DA:105,0
DA:119,0
DA:120,0
DA:121,0
DA:122,0
DA:125,0
DA:131,0
DA:145,0
DA:146,0
DA:147,0
DA:148,0
DA:151,0
DA:152,0
DA:158,0
DA:167,1
DA:168,0
DA:169,0
DA:171,0
DA:174,0
LF:40
LH:3
BRDA:33,0,0,0
BRDA:33,0,1,0
BRDA:38,1,0,0
BRDA:38,1,1,0
BRDA:38,2,0,0
BRDA:38,2,1,0
BRDA:53,3,0,0
BRDA:53,3,1,0
BRDA:54,4,0,0
BRDA:54,4,1,0
BRDA:55,5,0,0
BRDA:55,5,1,0
BRDA:58,6,0,0
BRDA:58,6,1,0
BRDA:62,7,0,0
BRDA:62,7,1,0
BRDA:98,8,0,0
BRDA:98,8,1,0
BRDA:99,9,0,0
BRDA:99,9,1,0
BRDA:125,10,0,0
BRDA:125,10,1,0
BRDA:152,11,0,0
BRDA:152,11,1,0
BRF:24
BRH:0
end_of_record
TN:
SF:/Users/evan/Desktop/workspace/easyNode/plugin/mongo/index.js
FNF:0
FNH:0
DA:1,1
DA:3,1
LF:2
LH:2
BRF:0
BRH:0
end_of_record
TN:
SF:/Users/evan/Desktop/workspace/easyNode/plugin/mysql/dbMysql.js
FN:23,(anonymous_0)
FN:31,(anonymous_1)
FN:45,(anonymous_2)
FN:57,(anonymous_3)
FN:68,(anonymous_4)
FN:70,(anonymous_5)
FN:71,(anonymous_6)
FN:72,(anonymous_7)
FN:92,(anonymous_8)
FN:94,(anonymous_9)
FN:102,(anonymous_10)
FN:131,(anonymous_11)
FN:133,(anonymous_12)
FN:155,(anonymous_13)
FN:157,(anonymous_14)
FN:178,(anonymous_15)
FN:200,(anonymous_16)
FN:203,(anonymous_17)
FN:209,(anonymous_18)
FN:226,(anonymous_19)
FN:228,(anonymous_20)
FN:229,(anonymous_21)
FN:243,(anonymous_22)
FN:253,(anonymous_23)
FN:262,(anonymous_24)
FN:264,(anonymous_25)
FN:266,(anonymous_26)
FN:279,(anonymous_27)
FN:281,(anonymous_28)
FN:282,(anonymous_29)
FN:283,(anonymous_30)
FN:293,(anonymous_31)
FN:295,(anonymous_32)
FN:296,(anonymous_33)
FN:297,(anonymous_34)
FNF:35
FNH:7
FNDA:1,(anonymous_0)
FNDA:0,(anonymous_1)
FNDA:0,(anonymous_2)
FNDA:1,(anonymous_3)
FNDA:0,(anonymous_4)
FNDA:0,(anonymous_5)
FNDA:0,(anonymous_6)
FNDA:0,(anonymous_7)
FNDA:0,(anonymous_8)
FNDA:0,(anonymous_9)
FNDA:0,(anonymous_10)
FNDA:0,(anonymous_11)
FNDA:0,(anonymous_12)
FNDA:1,(anonymous_13)
FNDA:1,(anonymous_14)
FNDA:0,(anonymous_15)
FNDA:0,(anonymous_16)
FNDA:0,(anonymous_17)
FNDA:0,(anonymous_18)
FNDA:1,(anonymous_19)
FNDA:1,(anonymous_20)
FNDA:1,(anonymous_21)
FNDA:0,(anonymous_22)
FNDA:0,(anonymous_23)
FNDA:0,(anonymous_24)
FNDA:0,(anonymous_25)
FNDA:0,(anonymous_26)
FNDA:0,(anonymous_27)
FNDA:0,(anonymous_28)
FNDA:0,(anonymous_29)
FNDA:0,(anonymous_30)
FNDA:0,(anonymous_31)
FNDA:0,(anonymous_32)
FNDA:0,(anonymous_33)
FNDA:0,(anonymous_34)
DA:11,1
DA:12,1
DA:23,1
DA:24,1
DA:25,1
DA:26,1
DA:27,1
DA:28,2
DA:30,0
DA:31,0
DA:33,0
DA:36,1
DA:37,1
DA:45,1
DA:46,0
DA:47,0
DA:58,1
DA:59,1
DA:69,0
DA:70,0
DA:71,0
DA:72,0
DA:73,0
DA:74,0
DA:93,0
DA:94,0
DA:95,0
DA:96,0
DA:97,0
DA:98,0
DA:99,0
DA:100,0
DA:101,0
DA:102,0
DA:103,0
DA:104,0
DA:105,0
DA:106,0
DA:107,0
DA:109,0
DA:111,0
DA:112,0
DA:113,0
DA:114,0
DA:116,0
DA:117,0
DA:119,0
DA:121,0
DA:132,0
DA:133,0
DA:134,0
DA:135,0
DA:136,0
DA:137,0
DA:138,0
DA:139,0
DA:140,0
DA:142,0
DA:143,0
DA:145,0
DA:156,1
DA:157,1
DA:158,1
DA:159,1
DA:160,1
DA:161,1
DA:162,1
DA:163,0
DA:164,0
DA:166,0
DA:168,0
DA:169,0
DA:170,0
DA:172,0
DA:173,0
DA:177,0
DA:178,0
DA:179,0
DA:185,0
DA:188,0
DA:190,1
DA:201,0
DA:202,0
DA:203,0
DA:204,0
DA:205,0
DA:206,0
DA:207,0
DA:208,0
DA:209,0
DA:210,0
DA:211,0
DA:214,0
DA:216,0
DA:227,1
DA:228,1
DA:229,1
DA:230,1
DA:244,0
DA:245,0
DA:246,0
DA:254,0
DA:255,0
DA:263,0
DA:264,0
DA:265,0
DA:266,0
DA:267,0
DA:268,0
DA:269,0
DA:274,0
DA:280,0
DA:281,0
DA:282,0
DA:283,0
DA:284,0
DA:285,0
DA:294,0
DA:295,0
DA:296,0
DA:297,0
DA:298,0
DA:312,1
LF:123
LH:26
BRDA:26,0,0,1
BRDA:26,0,1,0
BRDA:30,1,0,0
BRDA:30,1,1,0
BRDA:72,2,0,0
BRDA:72,2,1,0
BRDA:74,3,0,0
BRDA:74,3,1,0
BRDA:101,4,0,0
BRDA:101,4,1,0
BRDA:111,5,0,0
BRDA:111,5,1,0
BRDA:163,6,0,0
BRDA:163,6,1,0
BRDA:163,7,0,0
BRDA:163,7,1,0
BRDA:169,8,0,0
BRDA:169,8,1,0
BRDA:169,9,0,0
BRDA:169,9,1,0
BRDA:185,10,0,0
BRDA:185,10,1,0
BRDA:185,10,2,0
BRDA:206,11,0,0
BRDA:206,11,1,0
BRDA:208,12,0,0
BRDA:208,12,1,0
BRDA:230,13,0,1
BRDA:230,13,1,0
BRDA:244,14,0,0
BRDA:244,14,1,0
BRDA:269,15,0,0
BRDA:269,15,1,0
BRDA:283,16,0,0
BRDA:283,16,1,0
BRDA:287,17,0,0
BRDA:287,17,1,0
BRDA:297,18,0,0
BRDA:297,18,1,0
BRF:39
BRH:2
end_of_record
TN:
SF:/Users/evan/Desktop/workspace/easyNode/plugin/mysql/lib/is.js
FN:5,(anonymous_0)
FN:6,(anonymous_1)
FNF:2
FNH:2
FNDA:8,(anonymous_0)
FNDA:1,(anonymous_1)
DA:1,1
DA:4,1
DA:5,8
DA:6,8
DA:7,1
DA:11,1
LF:6
LH:6
BRF:0
BRH:0
end_of_record
TN:
SF:/Users/evan/Desktop/workspace/easyNode/plugin/redis/redis.js
FN:29,(anonymous_0)
FN:34,(anonymous_1)
FN:38,(anonymous_2)
FN:42,(anonymous_3)
FN:47,(anonymous_4)
FN:52,(anonymous_5)
FN:58,(anonymous_6)
FN:59,(anonymous_7)
FN:65,(anonymous_8)
FNF:9
FNH:4
FNDA:1,(anonymous_0)
FNDA:1,(anonymous_1)
FNDA:0,(anonymous_2)
FNDA:1,(anonymous_3)
FNDA:1,(anonymous_4)
FNDA:0,(anonymous_5)
FNDA:0,(anonymous_6)
FNDA:0,(anonymous_7)
FNDA:0,(anonymous_8)
DA:18,1
DA:20,1
DA:30,1
DA:31,1
DA:35,1
DA:38,1
DA:39,0
DA:42,1
DA:43,1
DA:48,1
DA:49,1
DA:53,0
DA:54,0
DA:59,0
DA:60,0
DA:61,0
DA:66,0
DA:67,0
DA:72,1
LF:19
LH:11
BRDA:53,0,0,0
BRDA:53,0,1,0
BRDA:60,1,0,0
BRDA:60,1,1,0
BRDA:66,2,0,0
BRDA:66,2,1,0
BRF:6
BRH:0
end_of_record
